<?xml version="1.0" encoding="UTF-8"?>
<!-- Generated by org.testng.reporters.JUnitReportReporter -->
<testsuite hostname="LIN-5CG1501VNF" failures="0" tests="1" name="WebDriverAssignment.Assignment6" time="10.849" errors="0" timestamp="2024-11-29T11:49:10 IST" skipped="0">
  <testcase classname="WebDriverAssignment.Assignment6" name="login" time="10.849"/>
</testsuite> <!-- WebDriverAssignment.Assignment6 -->
