<?xml version="1.0" encoding="UTF-8"?>
<!-- Generated by org.testng.reporters.JUnitReportReporter -->
<testsuite hostname="LIN-5CG1501VNF" failures="0" tests="1" name="WebDriverAssignment.Assignment3" time="15.800" errors="0" timestamp="2024-11-29T10:36:48 IST" skipped="0">
  <testcase classname="WebDriverAssignment.Assignment3" name="iframeSwitch" time="15.800"/>
</testsuite> <!-- WebDriverAssignment.Assignment3 -->
