<?xml version="1.0" encoding="UTF-8"?>
<!-- Generated by org.testng.reporters.JUnitReportReporter -->
<testsuite hostname="LIN-5CG1501VNF" failures="0" tests="3" name="TestNG.TestNGAssignment4" time="49.929" errors="0" timestamp="2024-11-29T13:54:00 IST" skipped="0">
  <testcase classname="TestNG.TestNGAssignment4" name="launchEdge" time="26.811"/>
  <testcase classname="TestNG.TestNGAssignment4" name="launchFireFox" time="11.916"/>
  <testcase classname="TestNG.TestNGAssignment4" name="launchChrome" time="11.202"/>
</testsuite> <!-- TestNG.TestNGAssignment4 -->
