<?xml version="1.0" encoding="UTF-8"?>
<!-- Generated by org.testng.reporters.JUnitReportReporter -->
<testsuite hostname="LIN-5CG1501VNF" failures="0" tests="1" name="TestNG.Assignment1" time="17.171" errors="0" timestamp="2024-11-29T13:25:17 IST" skipped="0">
  <testcase classname="TestNG.Assignment1" name="navigation" time="17.171"/>
</testsuite> <!-- TestNG.Assignment1 -->
