<?xml version="1.0" encoding="UTF-8"?>
<!-- Generated by org.testng.reporters.JUnitReportReporter -->
<testsuite hostname="LIN-5CG1501VNF" failures="0" tests="2" name="TestNG.TestNGAssignment3" time="17.433" errors="0" timestamp="2024-11-29T13:43:15 IST" skipped="0">
  <testcase classname="TestNG.TestNGAssignment3" name="login" time="9.843"/>
  <testcase classname="TestNG.TestNGAssignment3" name="login" time="7.590"/>
</testsuite> <!-- TestNG.TestNGAssignment3 -->
