<?xml version="1.0" encoding="UTF-8"?>
<!-- Generated by org.testng.reporters.JUnitReportReporter -->
<testsuite hostname="LIN-5CG1501VNF" failures="0" tests="1" name="WebDriverAssignment.Assignment4" time="11.080" errors="0" timestamp="2024-11-29T11:24:18 IST" skipped="0">
  <testcase classname="WebDriverAssignment.Assignment4" name="explicitWaitExample" time="11.080"/>
</testsuite> <!-- WebDriverAssignment.Assignment4 -->
