<?xml version="1.0" encoding="UTF-8"?>
<!-- Generated by org.testng.reporters.JUnitReportReporter -->
<testsuite hostname="LIN-5CG1501VNF" failures="0" tests="2" name="WebDriverAssignment.Assignment2" time="3.818" errors="0" timestamp="2024-11-29T10:42:47 IST" skipped="0">
  <testcase classname="WebDriverAssignment.Assignment2" name="validateSearchResult" time="1.561"/>
  <testcase classname="WebDriverAssignment.Assignment2" name="search" time="2.257"/>
</testsuite> <!-- WebDriverAssignment.Assignment2 -->
