<?xml version="1.0" encoding="UTF-8"?>
<!-- Generated by org.testng.reporters.JUnitReportReporter -->
<testsuite hostname="LIN-5CG1501VNF" failures="0" tests="2" name="TestNG.TestNGAssignment2" time="22.907" errors="0" timestamp="2024-11-29T13:25:17 IST" skipped="0">
  <testcase classname="TestNG.TestNGAssignment2" name="launchChrome" time="10.507"/>
  <testcase classname="TestNG.TestNGAssignment2" name="launchFireFox" time="12.400"/>
</testsuite> <!-- TestNG.TestNGAssignment2 -->
