<?xml version="1.0" encoding="UTF-8"?>
<!-- Generated by org.testng.reporters.JUnitReportReporter -->
<testsuite hostname="LIN-5CG1501VNF" failures="0" tests="1" name="runner.CucumberBasicRunner" time="19.349" errors="0" timestamp="2024-11-29T14:46:26 IST" skipped="0">
  <testcase classname="runner.CucumberBasicRunner" name="runScenario" time="19.349"/>
</testsuite> <!-- runner.CucumberBasicRunner -->
