<?xml version="1.0" encoding="UTF-8"?>
<!-- Generated by org.testng.reporters.JUnitReportReporter -->
<testsuite hostname="LIN-5CG1501VNF" failures="0" tests="1" name="WebDriverAssignment.Assignment8" time="16.378" errors="0" timestamp="2024-11-29T12:50:03 IST" skipped="0">
  <testcase classname="WebDriverAssignment.Assignment8" name="navigation" time="16.378"/>
</testsuite> <!-- WebDriverAssignment.Assignment8 -->
